#
# There is insufficient memory for the Java Runtime Environment to continue.
# Native memory allocation (malloc) failed to allocate 744736 bytes for Chunk::new
# Possible reasons:
#   The system is out of physical RAM or swap space
#   In 32 bit mode, the process size limit was hit
# Possible solutions:
#   Reduce memory load on the system
#   Increase physical memory or swap space
#   Check if swap backing store is full
#   Use 64 bit Java on a 64 bit OS
#   Decrease Java heap size (-Xmx/-Xms)
#   Decrease number of Java threads
#   Decrease Java thread stack sizes (-Xss)
#   Set larger code cache with -XX:ReservedCodeCacheSize=
# This output file may be truncated or incomplete.
#
#  Out of Memory Error (allocation.cpp:390), pid=15568, tid=0x0000000000002d50
#
# JRE version: Java(TM) SE Runtime Environment (8.0_121-b13) (build 1.8.0_121-b13)
# Java VM: Java HotSpot(TM) 64-Bit Server VM (25.121-b13 mixed mode windows-amd64 compressed oops)
# Failed to write core dump. Minidumps are not enabled by default on client versions of Windows
#

---------------  T H R E A D  ---------------

Current thread (0x000000001756c800):  JavaThread "C2 CompilerThread0" daemon [_thread_in_native, id=11600, stack(0x0000000018bd0000,0x0000000018cd0000)]

Stack: [0x0000000018bd0000,0x0000000018cd0000]
[error occurred during error reporting (printing stack bounds), id 0xc0000005]

Native frames: (J=compiled Java code, j=interpreted, Vv=VM code, C=native code)


Current CompileTask:
C2:   9022 5519       4       org.springframework.core.ResolvableType::getRawClass (54 bytes)


---------------  P R O C E S S  ---------------

Java Threads: ( => current thread )
  0x000000001d4eb000 JavaThread "SimplePauseDetectorThread_0" daemon [_thread_blocked, id=24748, stack(0x0000000021240000,0x0000000021340000)]
  0x000000001d4ea800 JavaThread "Thread-6" daemon [_thread_blocked, id=24456, stack(0x0000000021140000,0x0000000021240000)]
  0x000000001d4e6800 JavaThread "container-0" [_thread_blocked, id=25300, stack(0x0000000021040000,0x0000000021140000)]
  0x000000001d4e7000 JavaThread "Catalina-utility-1" [_thread_blocked, id=23328, stack(0x0000000020f40000,0x0000000021040000)]
  0x000000001d4e8800 JavaThread "CleanCursors-2-thread-1" daemon [_thread_blocked, id=24448, stack(0x0000000020e40000,0x0000000020f40000)]
  0x000000001d4e9800 JavaThread "cluster-ClusterId{value='5c6cecd42eafdb3cd06b46d0', description='null'}-localhost:27017" daemon [_thread_blocked, id=14248, stack(0x0000000020d40000,0x0000000020e40000)]
  0x000000001c9f0800 JavaThread "SimplePauseDetectorThread_0" daemon [_thread_blocked, id=25380, stack(0x000000001f400000,0x000000001f500000)]
  0x000000001c035800 JavaThread "Thread-2" daemon [_thread_blocked, id=13556, stack(0x000000001f0e0000,0x000000001f1e0000)]
  0x000000001c09c800 JavaThread "CleanCursors-1-thread-1" daemon [_thread_blocked, id=26124, stack(0x000000001e8e0000,0x000000001e9e0000)]
  0x000000001c690000 JavaThread "cluster-ClusterId{value='5c6cecd02eafdb3cd06b46cf', description='null'}-localhost:27017" daemon [_thread_blocked, id=22792, stack(0x000000001df80000,0x000000001e080000)]
  0x0000000019026800 JavaThread "surefire-forkedjvm-ping-30s" daemon [_thread_in_native, id=2552, stack(0x00000000195d0000,0x00000000196d0000)]
  0x0000000018ff0800 JavaThread "surefire-forkedjvm-command-thread" daemon [_thread_in_native, id=19972, stack(0x00000000194d0000,0x00000000195d0000)]
  0x0000000018efe800 JavaThread "Service Thread" daemon [_thread_blocked, id=9808, stack(0x00000000192d0000,0x00000000193d0000)]
  0x0000000017579000 JavaThread "C1 CompilerThread2" daemon [_thread_blocked, id=20116, stack(0x0000000018dd0000,0x0000000018ed0000)]
  0x0000000017570000 JavaThread "C2 CompilerThread1" daemon [_thread_in_native, id=21388, stack(0x0000000018cd0000,0x0000000018dd0000)]
=>0x000000001756c800 JavaThread "C2 CompilerThread0" daemon [_thread_in_native, id=11600, stack(0x0000000018bd0000,0x0000000018cd0000)]
  0x000000001756b000 JavaThread "Attach Listener" daemon [_thread_blocked, id=23924, stack(0x0000000018ad0000,0x0000000018bd0000)]
  0x0000000017569800 JavaThread "Signal Dispatcher" daemon [_thread_blocked, id=24692, stack(0x00000000189d0000,0x0000000018ad0000)]
  0x000000001755a800 JavaThread "Finalizer" daemon [_thread_blocked, id=14428, stack(0x00000000187e0000,0x00000000188e0000)]
  0x000000000293f800 JavaThread "Reference Handler" daemon [_thread_blocked, id=10716, stack(0x00000000186e0000,0x00000000187e0000)]
  0x0000000002850800 JavaThread "main" [_thread_in_native, id=20136, stack(0x0000000002750000,0x0000000002850000)]

Other Threads:
  0x0000000017537800 VMThread [stack: 0x00000000185e0000,0x00000000186e0000] [id=2464]
  0x0000000018f03000 WatcherThread [stack: 0x00000000193d0000,0x00000000194d0000] [id=11772]

VM state:not at safepoint (normal execution)

VM Mutex/Monitor currently owned by a thread: None

Heap:
 PSYoungGen      total 246784K, used 29925K [0x00000000d5580000, 0x00000000ea600000, 0x0000000100000000)
  eden space 231424K, 6% used [0x00000000d5580000,0x00000000d63c10d0,0x00000000e3780000)
  from space 15360K, 99% used [0x00000000e3780000,0x00000000e4678500,0x00000000e4680000)
  to   space 20992K, 0% used [0x00000000e9180000,0x00000000e9180000,0x00000000ea600000)
 ParOldGen       total 90112K, used 23591K [0x0000000080000000, 0x0000000085800000, 0x00000000d5580000)
  object space 90112K, 26% used [0x0000000080000000,0x0000000081709d68,0x0000000085800000)
 Metaspace       used 49385K, capacity 52258K, committed 52520K, reserved 1095680K
  class space    used 6636K, capacity 7112K, committed 7216K, reserved 1048576K

Card table byte_map: [0x0000000011d10000,0x0000000012120000] byte_map_base: 0x0000000011910000

Marking Bits: (ParMarkBitMap*) 0x000000006369b6d0
 Begin Bits: [0x00000000127d0000, 0x00000000147d0000)
 End Bits:   [0x00000000147d0000, 0x00000000167d0000)

Polling page: 0x00000000026b0000

CodeCache: size=245760Kb used=19354Kb max_used=19354Kb free=226405Kb
 bounds [0x0000000002950000, 0x0000000003c50000, 0x0000000011950000]
 total_blobs=5450 nmethods=4969 adapters=393
 compilation: enabled

Compilation events (10 events):
Event: 8.992 Thread 0x0000000017579000 nmethod 5624 0x0000000002d7a790 code [0x0000000002d7a900, 0x0000000002d7ab10]
Event: 8.993 Thread 0x0000000017579000 5625       3       org.springframework.beans.factory.support.ConstructorResolver$AutowiredArgumentMarker::<init> (5 bytes)
Event: 8.993 Thread 0x0000000017579000 nmethod 5625 0x0000000002f8f5d0 code [0x0000000002f8f720, 0x0000000002f8f8d0]
Event: 9.001 Thread 0x0000000017579000 5626       1       java.lang.reflect.Constructor::getSignature (5 bytes)
Event: 9.001 Thread 0x0000000017579000 nmethod 5626 0x00000000032d8a50 code [0x00000000032d8ba0, 0x00000000032d8cb0]
Event: 9.005 Thread 0x0000000017579000 5627       3       org.springframework.beans.factory.support.AbstractAutowireCapableBeanFactory::populateBean (412 bytes)
Event: 9.007 Thread 0x0000000017579000 nmethod 5627 0x0000000003c1ef10 code [0x0000000003c1f380, 0x0000000003c22788]
Event: 9.009 Thread 0x0000000017579000 5628       3       org.springframework.beans.factory.support.AbstractAutowireCapableBeanFactory::getTypeForFactoryBean (239 bytes)
Event: 9.010 Thread 0x0000000017579000 nmethod 5628 0x0000000003c1bbd0 code [0x0000000003c1bf80, 0x0000000003c1e398]
Event: 9.017 Thread 0x0000000017579000 5629       3       java.beans.Introspector::isSubclass (81 bytes)

GC Heap History (10 events):
Event: 3.798 GC heap before
{Heap before GC invocations=7 (full 1):
 PSYoungGen      total 138240K, used 10148K [0x00000000d5580000, 0x00000000e0200000, 0x0000000100000000)
  eden space 133120K, 3% used [0x00000000d5580000,0x00000000d5a70328,0x00000000dd780000)
  from space 5120K, 99% used [0x00000000dd780000,0x00000000ddc79040,0x00000000ddc80000)
  to   space 14336K, 0% used [0x00000000df400000,0x00000000df400000,0x00000000e0200000)
 ParOldGen       total 66560K, used 21852K [0x0000000080000000, 0x0000000084100000, 0x00000000d5580000)
  object space 66560K, 32% used [0x0000000080000000,0x0000000081557150,0x0000000084100000)
 Metaspace       used 34280K, capacity 35400K, committed 35496K, reserved 1079296K
  class space    used 4474K, capacity 4717K, committed 4784K, reserved 1048576K
Event: 3.806 GC heap after
Heap after GC invocations=7 (full 1):
 PSYoungGen      total 162304K, used 5498K [0x00000000d5580000, 0x00000000e5400000, 0x0000000100000000)
  eden space 147968K, 0% used [0x00000000d5580000,0x00000000d5580000,0x00000000de600000)
  from space 14336K, 38% used [0x00000000df400000,0x00000000df95e9e0,0x00000000e0200000)
  to   space 14336K, 0% used [0x00000000de600000,0x00000000de600000,0x00000000df400000)
 ParOldGen       total 66560K, used 21852K [0x0000000080000000, 0x0000000084100000, 0x00000000d5580000)
  object space 66560K, 32% used [0x0000000080000000,0x0000000081557150,0x0000000084100000)
 Metaspace       used 34280K, capacity 35400K, committed 35496K, reserved 1079296K
  class space    used 4474K, capacity 4717K, committed 4784K, reserved 1048576K
}
Event: 3.806 GC heap before
{Heap before GC invocations=8 (full 2):
 PSYoungGen      total 162304K, used 5498K [0x00000000d5580000, 0x00000000e5400000, 0x0000000100000000)
  eden space 147968K, 0% used [0x00000000d5580000,0x00000000d5580000,0x00000000de600000)
  from space 14336K, 38% used [0x00000000df400000,0x00000000df95e9e0,0x00000000e0200000)
  to   space 14336K, 0% used [0x00000000de600000,0x00000000de600000,0x00000000df400000)
 ParOldGen       total 66560K, used 21852K [0x0000000080000000, 0x0000000084100000, 0x00000000d5580000)
  object space 66560K, 32% used [0x0000000080000000,0x0000000081557150,0x0000000084100000)
 Metaspace       used 34280K, capacity 35400K, committed 35496K, reserved 1079296K
  class space    used 4474K, capacity 4717K, committed 4784K, reserved 1048576K
Event: 3.883 GC heap after
Heap after GC invocations=8 (full 2):
 PSYoungGen      total 162304K, used 0K [0x00000000d5580000, 0x00000000e5400000, 0x0000000100000000)
  eden space 147968K, 0% used [0x00000000d5580000,0x00000000d5580000,0x00000000de600000)
  from space 14336K, 0% used [0x00000000df400000,0x00000000df400000,0x00000000e0200000)
  to   space 14336K, 0% used [0x00000000de600000,0x00000000de600000,0x00000000df400000)
 ParOldGen       total 90112K, used 13659K [0x0000000080000000, 0x0000000085800000, 0x00000000d5580000)
  object space 90112K, 15% used [0x0000000080000000,0x0000000080d56d68,0x0000000085800000)
 Metaspace       used 34280K, capacity 35400K, committed 35496K, reserved 1079296K
  class space    used 4474K, capacity 4717K, committed 4784K, reserved 1048576K
}
Event: 5.236 GC heap before
{Heap before GC invocations=9 (full 2):
 PSYoungGen      total 162304K, used 147968K [0x00000000d5580000, 0x00000000e5400000, 0x0000000100000000)
  eden space 147968K, 100% used [0x00000000d5580000,0x00000000de600000,0x00000000de600000)
  from space 14336K, 0% used [0x00000000df400000,0x00000000df400000,0x00000000e0200000)
  to   space 14336K, 0% used [0x00000000de600000,0x00000000de600000,0x00000000df400000)
 ParOldGen       total 90112K, used 13659K [0x0000000080000000, 0x0000000085800000, 0x00000000d5580000)
  object space 90112K, 15% used [0x0000000080000000,0x0000000080d56d68,0x0000000085800000)
 Metaspace       used 40601K, capacity 42802K, committed 43048K, reserved 1087488K
  class space    used 5456K, capacity 5854K, committed 5936K, reserved 1048576K
Event: 5.251 GC heap after
Heap after GC invocations=9 (full 2):
 PSYoungGen      total 162304K, used 11465K [0x00000000d5580000, 0x00000000e5a80000, 0x0000000100000000)
  eden space 147968K, 0% used [0x00000000d5580000,0x00000000d5580000,0x00000000de600000)
  from space 14336K, 79% used [0x00000000de600000,0x00000000df132520,0x00000000df400000)
  to   space 15360K, 0% used [0x00000000e4b80000,0x00000000e4b80000,0x00000000e5a80000)
 ParOldGen       total 90112K, used 13667K [0x0000000080000000, 0x0000000085800000, 0x00000000d5580000)
  object space 90112K, 15% used [0x0000000080000000,0x0000000080d58d68,0x0000000085800000)
 Metaspace       used 40601K, capacity 42802K, committed 43048K, reserved 1087488K
  class space    used 5456K, capacity 5854K, committed 5936K, reserved 1048576K
}
Event: 6.325 GC heap before
{Heap before GC invocations=10 (full 2):
 PSYoungGen      total 162304K, used 159433K [0x00000000d5580000, 0x00000000e5a80000, 0x0000000100000000)
  eden space 147968K, 100% used [0x00000000d5580000,0x00000000de600000,0x00000000de600000)
  from space 14336K, 79% used [0x00000000de600000,0x00000000df132520,0x00000000df400000)
  to   space 15360K, 0% used [0x00000000e4b80000,0x00000000e4b80000,0x00000000e5a80000)
 ParOldGen       total 90112K, used 13667K [0x0000000080000000, 0x0000000085800000, 0x00000000d5580000)
  object space 90112K, 15% used [0x0000000080000000,0x0000000080d58d68,0x0000000085800000)
 Metaspace       used 44262K, capacity 46964K, committed 47144K, reserved 1089536K
  class space    used 5952K, capacity 6419K, committed 6448K, reserved 1048576K
Event: 6.343 GC heap after
Heap after GC invocations=10 (full 2):
 PSYoungGen      total 241152K, used 10130K [0x00000000d5580000, 0x00000000e5580000, 0x0000000100000000)
  eden space 230912K, 0% used [0x00000000d5580000,0x00000000d5580000,0x00000000e3700000)
  from space 10240K, 98% used [0x00000000e4b80000,0x00000000e5564b58,0x00000000e5580000)
  to   space 15360K, 0% used [0x00000000e3780000,0x00000000e3780000,0x00000000e4680000)
 ParOldGen       total 90112K, used 13675K [0x0000000080000000, 0x0000000085800000, 0x00000000d5580000)
  object space 90112K, 15% used [0x0000000080000000,0x0000000080d5ad68,0x0000000085800000)
 Metaspace       used 44262K, capacity 46964K, committed 47144K, reserved 1089536K
  class space    used 5952K, capacity 6419K, committed 6448K, reserved 1048576K
}
Event: 8.894 GC heap before
{Heap before GC invocations=11 (full 2):
 PSYoungGen      total 241152K, used 241042K [0x00000000d5580000, 0x00000000e5580000, 0x0000000100000000)
  eden space 230912K, 100% used [0x00000000d5580000,0x00000000e3700000,0x00000000e3700000)
  from space 10240K, 98% used [0x00000000e4b80000,0x00000000e5564b58,0x00000000e5580000)
  to   space 15360K, 0% used [0x00000000e3780000,0x00000000e3780000,0x00000000e4680000)
 ParOldGen       total 90112K, used 13675K [0x0000000080000000, 0x0000000085800000, 0x00000000d5580000)
  object space 90112K, 15% used [0x0000000080000000,0x0000000080d5ad68,0x0000000085800000)
 Metaspace       used 49351K, capacity 52194K, committed 52520K, reserved 1095680K
  class space    used 6636K, capacity 7112K, committed 7216K, reserved 1048576K
Event: 8.930 GC heap after
Heap after GC invocations=11 (full 2):
 PSYoungGen      total 246784K, used 15329K [0x00000000d5580000, 0x00000000ea600000, 0x0000000100000000)
  eden space 231424K, 0% used [0x00000000d5580000,0x00000000d5580000,0x00000000e3780000)
  from space 15360K, 99% used [0x00000000e3780000,0x00000000e4678500,0x00000000e4680000)
  to   space 20992K, 0% used [0x00000000e9180000,0x00000000e9180000,0x00000000ea600000)
 ParOldGen       total 90112K, used 23591K [0x0000000080000000, 0x0000000085800000, 0x00000000d5580000)
  object space 90112K, 26% used [0x0000000080000000,0x0000000081709d68,0x0000000085800000)
 Metaspace       used 49351K, capacity 52194K, committed 52520K, reserved 1095680K
  class space    used 6636K, capacity 7112K, committed 7216K, reserved 1048576K
}

Deoptimization events (10 events):
Event: 8.287 Thread 0x0000000002850800 Uncommon trap: reason=class_check action=maybe_recompile pc=0x00000000038f9288 method=org.bson.io.OutputBuffer.write(I)V @ 2
Event: 8.287 Thread 0x0000000002850800 Uncommon trap: reason=class_check action=maybe_recompile pc=0x00000000038f9288 method=org.bson.io.OutputBuffer.write(I)V @ 2
Event: 8.287 Thread 0x0000000002850800 Uncommon trap: reason=class_check action=maybe_recompile pc=0x00000000038f9288 method=org.bson.io.OutputBuffer.write(I)V @ 2
Event: 8.288 Thread 0x0000000002850800 Uncommon trap: reason=speculate_class_check action=maybe_recompile pc=0x000000000394abd4 method=org.bson.io.OutputBuffer.write(I)V @ 2
Event: 8.288 Thread 0x0000000002850800 Uncommon trap: reason=speculate_class_check action=maybe_recompile pc=0x000000000394abd4 method=org.bson.io.OutputBuffer.write(I)V @ 2
Event: 8.288 Thread 0x0000000002850800 Uncommon trap: reason=speculate_class_check action=maybe_recompile pc=0x000000000394abd4 method=org.bson.io.OutputBuffer.write(I)V @ 2
Event: 8.594 Thread 0x0000000002850800 Uncommon trap: reason=unstable_if action=reinterpret pc=0x0000000002f4bedc method=java.util.LinkedHashMap.afterNodeInsertion(Z)V @ 18
Event: 8.718 Thread 0x0000000002850800 Uncommon trap: reason=null_check action=make_not_entrant pc=0x0000000003bf5d30 method=org.springframework.core.annotation.AnnotatedElementUtils.searchWithGetSemanticsInAnnotations(Ljava/lang/reflect/AnnotatedElement;Ljava/util/List;Ljava/util/Set;Ljava/la
Event: 8.808 Thread 0x0000000002850800 Uncommon trap: reason=bimorphic action=maybe_recompile pc=0x00000000031dd000 method=java.util.Hashtable.get(Ljava/lang/Object;)Ljava/lang/Object; @ 6
Event: 8.808 Thread 0x0000000002850800 Uncommon trap: reason=bimorphic action=maybe_recompile pc=0x00000000031dd000 method=java.util.Hashtable.get(Ljava/lang/Object;)Ljava/lang/Object; @ 6

Internal exceptions (10 events):
Event: 9.011 Thread 0x0000000002850800 Exception <a 'java/lang/ClassNotFoundException': java/lang/ObjectCustomizer> (0x00000000d61da1f8) thrown at [C:\re\workspace\8-2-build-windows-amd64-cygwin\jdk8u121\8372\hotspot\src\share\vm\classfile\systemDictionary.cpp, line 210]
Event: 9.012 Thread 0x0000000002850800 Exception <a 'java/lang/ClassNotFoundException': org/springframework/boot/actuate/autoconfigure/metrics/web/servlet/WebMvcMetricsAutoConfiguration$MetricsWebMvcConfigurerCustomizer> (0x00000000d6205d30) thrown at [C:\re\workspace\8-2-build-windows-amd64-c
Event: 9.012 Thread 0x0000000002850800 Exception <a 'java/lang/ClassNotFoundException': org/springframework/web/servlet/config/annotation/WebMvcConfigurerCustomizer> (0x00000000d6224610) thrown at [C:\re\workspace\8-2-build-windows-amd64-cygwin\jdk8u121\8372\hotspot\src\share\vm\classfile\syst
Event: 9.014 Thread 0x0000000002850800 Exception <a 'java/lang/ClassNotFoundException': java/lang/ObjectCustomizer> (0x00000000d625afd0) thrown at [C:\re\workspace\8-2-build-windows-amd64-cygwin\jdk8u121\8372\hotspot\src\share\vm\classfile\systemDictionary.cpp, line 210]
Event: 9.015 Thread 0x0000000002850800 Exception <a 'java/lang/ClassNotFoundException': org/springframework/data/web/config/SpringDataWebConfigurationCustomizer> (0x00000000d6278228) thrown at [C:\re\workspace\8-2-build-windows-amd64-cygwin\jdk8u121\8372\hotspot\src\share\vm\classfile\systemDi
Event: 9.015 Thread 0x0000000002850800 Exception <a 'java/lang/ClassNotFoundException': org/springframework/data/web/config/SpringDataWebConfiguration$$EnhancerBySpringCGLIB$$81bc5522Customizer> (0x00000000d62a0f98) thrown at [C:\re\workspace\8-2-build-windows-amd64-cygwin\jdk8u121\8372\hotspo
Event: 9.016 Thread 0x0000000002850800 Exception <a 'java/lang/ClassNotFoundException': org/springframework/context/annotation/ConfigurationClassEnhancer$EnhancedConfigurationCustomizer> (0x00000000d62cad80) thrown at [C:\re\workspace\8-2-build-windows-amd64-cygwin\jdk8u121\8372\hotspot\src\sh
Event: 9.016 Thread 0x0000000002850800 Exception <a 'java/lang/ClassNotFoundException': org/springframework/beans/factory/BeanFactoryAwareCustomizer> (0x00000000d62e1b68) thrown at [C:\re\workspace\8-2-build-windows-amd64-cygwin\jdk8u121\8372\hotspot\src\share\vm\classfile\systemDictionary.cpp
Event: 9.016 Thread 0x0000000002850800 Exception <a 'java/lang/ClassNotFoundException': org/springframework/beans/factory/AwareCustomizer> (0x00000000d62f7030) thrown at [C:\re\workspace\8-2-build-windows-amd64-cygwin\jdk8u121\8372\hotspot\src\share\vm\classfile\systemDictionary.cpp, line 210]
Event: 9.016 Thread 0x0000000002850800 Exception <a 'java/lang/ClassNotFoundException': org/springframework/web/servlet/config/annotation/WebMvcConfigurerCustomizer> (0x00000000d6312258) thrown at [C:\re\workspace\8-2-build-windows-amd64-cygwin\jdk8u121\8372\hotspot\src\share\vm\classfile\syst

Events (10 events):
Event: 9.016 loading class org/springframework/beans/factory/AwareCustomizer
Event: 9.016 loading class org/springframework/beans/factory/AwareCustomizer done
Event: 9.016 loading class org/springframework/beans/factory/AwareCustomizer
Event: 9.016 loading class org/springframework/beans/factory/AwareCustomizer done
Event: 9.016 loading class org/springframework/web/servlet/config/annotation/WebMvcConfigurerCustomizer
Event: 9.016 loading class org/springframework/web/servlet/config/annotation/WebMvcConfigurerCustomizer done
Event: 9.016 loading class org/springframework/web/servlet/config/annotation/WebMvcConfigurerCustomizer
Event: 9.016 loading class org/springframework/web/servlet/config/annotation/WebMvcConfigurerCustomizer done
Event: 9.016 loading class org/springframework/web/servlet/config/annotation/WebMvcConfigurerCustomizer
Event: 9.016 loading class org/springframework/web/servlet/config/annotation/WebMvcConfigurerCustomizer done


Dynamic libraries:
0x00007ff6d67a0000 - 0x00007ff6d67d7000 	C:\Program Files\Java\jre1.8.0_121\bin\java.exe
0x00007ffb76d70000 - 0x00007ffb76f51000 	C:\WINDOWS\SYSTEM32\ntdll.dll
0x00007ffb76ab0000 - 0x00007ffb76b62000 	C:\WINDOWS\System32\KERNEL32.DLL
0x00007ffb73b40000 - 0x00007ffb73db3000 	C:\WINDOWS\System32\KERNELBASE.dll
0x00007ffb74a50000 - 0x00007ffb74af1000 	C:\WINDOWS\System32\ADVAPI32.dll
0x00007ffb744f0000 - 0x00007ffb7458e000 	C:\WINDOWS\System32\msvcrt.dll
0x00007ffb74420000 - 0x00007ffb7447b000 	C:\WINDOWS\System32\sechost.dll
0x00007ffb76c10000 - 0x00007ffb76d34000 	C:\WINDOWS\System32\RPCRT4.dll
0x00007ffb74b00000 - 0x00007ffb74c90000 	C:\WINDOWS\System32\USER32.dll
0x00007ffb73dc0000 - 0x00007ffb73de0000 	C:\WINDOWS\System32\win32u.dll
0x00007ffb74a20000 - 0x00007ffb74a48000 	C:\WINDOWS\System32\GDI32.dll
0x00007ffb73140000 - 0x00007ffb732d2000 	C:\WINDOWS\System32\gdi32full.dll
0x00007ffb73330000 - 0x00007ffb733cf000 	C:\WINDOWS\System32\msvcp_win.dll
0x00007ffb74100000 - 0x00007ffb741fa000 	C:\WINDOWS\System32\ucrtbase.dll
0x00007ffb71310000 - 0x00007ffb71579000 	C:\WINDOWS\WinSxS\amd64_microsoft.windows.common-controls_6595b64144ccf1df_6.0.17134.472_none_fb3f9af53068156d\COMCTL32.dll
0x00007ffb746f0000 - 0x00007ffb74a12000 	C:\WINDOWS\System32\combase.dll
0x00007ffb74080000 - 0x00007ffb740fa000 	C:\WINDOWS\System32\bcryptPrimitives.dll
0x00007ffb76a80000 - 0x00007ffb76aad000 	C:\WINDOWS\System32\IMM32.DLL
0x00007ffb72f20000 - 0x00007ffb72f7d000 	C:\Program Files\Citrix\System32\MfApHook64.dll
0x00007ffb72870000 - 0x00007ffb7289b000 	C:\Program Files\Citrix\ICAService\CtxDodHook64.dll
0x00007ffb72e40000 - 0x00007ffb72e72000 	C:\Program Files\Citrix\ICAService\picaFullScreenHookX64.dll
0x00007ffb72820000 - 0x00007ffb7286e000 	C:\Program Files\Citrix\ICAService\ShellHook64.dll
0x00007ffb75570000 - 0x00007ffb769b0000 	C:\WINDOWS\System32\SHELL32.dll
0x00007ffb732e0000 - 0x00007ffb73329000 	C:\WINDOWS\System32\cfgmgr32.dll
0x00007ffb75060000 - 0x00007ffb75109000 	C:\WINDOWS\System32\shcore.dll
0x00007ffb73430000 - 0x00007ffb73b3d000 	C:\WINDOWS\System32\windows.storage.dll
0x00007ffb74620000 - 0x00007ffb74671000 	C:\WINDOWS\System32\shlwapi.dll
0x00007ffb73090000 - 0x00007ffb730a1000 	C:\WINDOWS\System32\kernel.appcore.dll
0x00007ffb73100000 - 0x00007ffb7311f000 	C:\WINDOWS\System32\profapi.dll
0x00007ffb730b0000 - 0x00007ffb730fc000 	C:\WINDOWS\System32\powrprof.dll
0x00007ffb73080000 - 0x00007ffb7308a000 	C:\WINDOWS\System32\FLTLIB.DLL
0x00007ffb72680000 - 0x00007ffb727fc000 	C:\Program Files\Citrix\ICAService\SCardHook64.dll
0x00007ffb72380000 - 0x00007ffb723aa000 	C:\Program Files\Citrix\ICAService\cxinjime64.dll
0x00007ffb72330000 - 0x00007ffb72378000 	C:\Program Files\Citrix\ICAService\PicaWtsHook64.dll
0x0000000062c60000 - 0x0000000062d32000 	C:\Program Files\Java\jre1.8.0_121\bin\msvcr100.dll
0x0000000062e80000 - 0x000000006371b000 	C:\Program Files\Java\jre1.8.0_121\bin\server\jvm.dll
0x00007ffb75560000 - 0x00007ffb75568000 	C:\WINDOWS\System32\PSAPI.DLL
0x00007ffb72d00000 - 0x00007ffb72d0a000 	C:\WINDOWS\SYSTEM32\VERSION.dll
0x00007ffb6f1c0000 - 0x00007ffb6f1e3000 	C:\WINDOWS\SYSTEM32\WINMM.dll
0x00007ffb62b00000 - 0x00007ffb62b09000 	C:\WINDOWS\SYSTEM32\WSOCK32.dll
0x00007ffb74590000 - 0x00007ffb745fc000 	C:\WINDOWS\System32\WS2_32.dll
0x00007ffb6f190000 - 0x00007ffb6f1ba000 	C:\WINDOWS\SYSTEM32\winmmbase.dll
0x0000000062d90000 - 0x0000000062d9f000 	C:\Program Files\Java\jre1.8.0_121\bin\verify.dll
0x0000000062d60000 - 0x0000000062d89000 	C:\Program Files\Java\jre1.8.0_121\bin\java.dll
0x0000000062d40000 - 0x0000000062d56000 	C:\Program Files\Java\jre1.8.0_121\bin\zip.dll
0x0000000063990000 - 0x000000006399d000 	C:\Program Files\Java\jre1.8.0_121\bin\management.dll
0x0000000063a00000 - 0x0000000063a1a000 	C:\Program Files\Java\jre1.8.0_121\bin\net.dll
0x00007ffb71dd0000 - 0x00007ffb71e36000 	C:\WINDOWS\system32\mswsock.dll
0x00000000639e0000 - 0x00000000639f1000 	C:\Program Files\Java\jre1.8.0_121\bin\nio.dll
0x00007ffb67830000 - 0x00007ffb67846000 	C:\WINDOWS\system32\napinsp.dll
0x00007ffb67850000 - 0x00007ffb6786a000 	C:\WINDOWS\system32\pnrpnsp.dll
0x00007ffb6d7b0000 - 0x00007ffb6d7c9000 	C:\WINDOWS\system32\NLAapi.dll
0x00007ffb71ba0000 - 0x00007ffb71c5e000 	C:\WINDOWS\SYSTEM32\DNSAPI.dll
0x00007ffb744e0000 - 0x00007ffb744e8000 	C:\WINDOWS\System32\NSI.dll
0x00007ffb71b50000 - 0x00007ffb71b88000 	C:\WINDOWS\SYSTEM32\IPHLPAPI.DLL
0x00007ffb67870000 - 0x00007ffb6787e000 	C:\WINDOWS\System32\winrnr.dll
0x00007ffb6da00000 - 0x00007ffb6da0a000 	C:\Windows\System32\rasadhlp.dll
0x00007ffb6b340000 - 0x00007ffb6b3b2000 	C:\WINDOWS\System32\fwpuclnt.dll
0x00007ffb728a0000 - 0x00007ffb728c5000 	C:\WINDOWS\SYSTEM32\bcrypt.dll
0x00000000639b0000 - 0x00000000639d4000 	C:\Program Files\Java\jre1.8.0_121\bin\sunec.dll
0x00007ffb6b240000 - 0x00007ffb6b256000 	C:\WINDOWS\SYSTEM32\dhcpcsvc6.DLL
0x00007ffb6b200000 - 0x00007ffb6b21a000 	C:\WINDOWS\SYSTEM32\dhcpcsvc.DLL
0x00007ffb71f90000 - 0x00007ffb71fa7000 	C:\WINDOWS\SYSTEM32\CRYPTSP.dll
0x00007ffb71950000 - 0x00007ffb71983000 	C:\WINDOWS\system32\rsaenh.dll
0x00007ffb72f80000 - 0x00007ffb72fa8000 	C:\WINDOWS\SYSTEM32\USERENV.dll
0x00007ffb71f80000 - 0x00007ffb71f8b000 	C:\WINDOWS\SYSTEM32\CRYPTBASE.dll

VM Arguments:
java_command: C:\Users\shuraut\AppData\Local\Temp\1\surefire5197611125784636528\surefirebooter3134621210248732652.jar C:\Users\shuraut\AppData\Local\Temp\1\surefire5197611125784636528 2019-02-20T11-29-40_051-jvmRun1 surefire3186007739939057866tmp surefire_06412730696623059104tmp
java_class_path (initial): C:\Users\shuraut\AppData\Local\Temp\1\surefire5197611125784636528\surefirebooter3134621210248732652.jar
Launcher Type: SUN_STANDARD

Environment Variables:
PATH=C:/Program Files/Java/jre1.8.0_121/bin/server;C:/Program Files/Java/jre1.8.0_121/bin;C:/Program Files/Java/jre1.8.0_121/lib/amd64;C:\Python34\;C:\Python34\Scripts;C:\oraclexe\app\oracle\product\11.2.0\server\bin;C:\ProgramData\Oracle\Java\javapath;C:\WINDOWS\system32;C:\WINDOWS;C:\WINDOWS\System32\Wbem;C:\WINDOWS\System32\WindowsPowerShell\v1.0\;C:\Program Files\TortoiseSVN\bin;C:\Program Files\nodejs\;C:\Program Files\Git\cmd;C:\Program Files (x86)\Microsoft SQL Server\110\Tools\Binn\ManagementStudio\;C:\Program Files (x86)\Microsoft SQL Server\110\Tools\Binn\;C:\Program Files (x86)\Microsoft SQL Server\110\DTS\Binn\;C:\Program Files\Citrix\System32\;C:\Program Files\Citrix\ICAService\;C:\WINDOWS\System32\OpenSSH\;C:\Users\shuraut\AppData\Local\Microsoft\WindowsApps;;C:\SOFTWARES\spring-tool-suite-3.9.7.RELEASE-e4.10.0-win32-x86_64\sts-bundle\sts-3.9.7.RELEASE;
USERNAME=shuraut
OS=Windows_NT
PROCESSOR_IDENTIFIER=Intel64 Family 15 Model 6 Stepping 1, GenuineIntel



---------------  S Y S T E M  ---------------

OS: Windows 10.0 , 64 bit Build 17134 (10.0.17134.1)

CPU:total 4 (2 cores per cpu, 1 threads per core) family 15 model 6 stepping 1, cmov, cx8, fxsr, mmx, sse, sse2, sse3, ssse3, sse4.1, sse4.2, popcnt, avx, avx2, aes, clmul, erms, rtm, 3dnowpref, lzcnt, tsc, bmi1, bmi2, adx

Memory: 4k page, physical 8388056k(941512k free), swap 18697820k(10520k free)

vm_info: Java HotSpot(TM) 64-Bit Server VM (25.121-b13) for windows-amd64 JRE (1.8.0_121-b13), built on Dec 12 2016 18:21:36 by "java_re" with MS VC++ 10.0 (VS2010)

time: Wed Feb 20 11:29:49 2019
elapsed time: 9 seconds (0d 0h 0m 9s)

